2025-04-16 08:46:35.061 ERROR 2066 --- [pool-1-thread-2] o.f.adg.rule.thread.RemoteRuleThread     : https://gitcdn.link/cdn/uBlockOrigin/uAssetsCDN/main/filters/privacy.txt
2025-04-16 08:46:35.061 ERROR 2066 --- [pool-1-thread-3] o.f.adg.rule.thread.RemoteRuleThread     : https://gitcdn.link/cdn/uBlockOrigin/uAssetsCDN/main/filters/unbreak.txt
2025-04-16 08:46:35.062 ERROR 2066 --- [pool-1-thread-3] o.f.adg.rule.thread.RemoteRuleThread     : cn.hutool.core.io.IORuntimeException: UnknownHostException: gitcdn.link
	at cn.hutool.http.HttpRequest.send(HttpRequest.java:1258)
	at cn.hutool.http.HttpRequest.doExecute(HttpRequest.java:1123)
	at cn.hutool.http.HttpRequest.execute(HttpRequest.java:1012)
	at cn.hutool.http.HttpRequest.execute(HttpRequest.java:988)
	at org.fordes.adg.rule.thread.RemoteRuleThread.getContentStream(RemoteRuleThread.java:31)
	at org.fordes.adg.rule.thread.AbstractRuleThread.run(AbstractRuleThread.java:56)
	at java.base/java.util.concurrent.ThreadPoolExecutor.runWorker(ThreadPoolExecutor.java:1128)
	at java.base/java.util.concurrent.ThreadPoolExecutor$Worker.run(ThreadPoolExecutor.java:628)
	at java.base/java.lang.Thread.run(Thread.java:829)
Caused by: java.net.UnknownHostException: gitcdn.link
	at java.base/java.net.AbstractPlainSocketImpl.connect(AbstractPlainSocketImpl.java:229)
	at java.base/java.net.SocksSocketImpl.connect(SocksSocketImpl.java:392)
	at java.base/java.net.Socket.connect(Socket.java:609)
	at java.base/sun.security.ssl.SSLSocketImpl.connect(SSLSocketImpl.java:305)
	at java.base/sun.net.NetworkClient.doConnect(NetworkClient.java:177)
	at java.base/sun.net.www.http.HttpClient.openServer(HttpClient.java:509)
	at java.base/sun.net.www.http.HttpClient.openServer(HttpClient.java:604)
	at java.base/sun.net.www.protocol.https.HttpsClient.<init>(HttpsClient.java:266)
	at java.base/sun.net.www.protocol.https.HttpsClient.New(HttpsClient.java:373)
	at java.base/sun.net.www.protocol.https.AbstractDelegateHttpsURLConnection.getNewHttpClient(AbstractDelegateHttpsURLConnection.java:207)
	at java.base/sun.net.www.protocol.http.HttpURLConnection.plainConnect0(HttpURLConnection.java:1202)
	at java.base/sun.net.www.protocol.http.HttpURLConnection.plainConnect(HttpURLConnection.java:1096)
	at java.base/sun.net.www.protocol.https.AbstractDelegateHttpsURLConnection.connect(AbstractDelegateHttpsURLConnection.java:193)
	at java.base/sun.net.www.protocol.https.HttpsURLConnectionImpl.connect(HttpsURLConnectionImpl.java:168)
	at cn.hutool.http.HttpConnection.connect(HttpConnection.java:375)
	at cn.hutool.http.HttpRequest.send(HttpRequest.java:1253)
	... 8 more

2025-04-16 08:46:35.062 ERROR 2066 --- [pool-1-thread-2] o.f.adg.rule.thread.RemoteRuleThread     : cn.hutool.core.io.IORuntimeException: UnknownHostException: gitcdn.link
	at cn.hutool.http.HttpRequest.send(HttpRequest.java:1258)
	at cn.hutool.http.HttpRequest.doExecute(HttpRequest.java:1123)
	at cn.hutool.http.HttpRequest.execute(HttpRequest.java:1012)
	at cn.hutool.http.HttpRequest.execute(HttpRequest.java:988)
	at org.fordes.adg.rule.thread.RemoteRuleThread.getContentStream(RemoteRuleThread.java:31)
	at org.fordes.adg.rule.thread.AbstractRuleThread.run(AbstractRuleThread.java:56)
	at java.base/java.util.concurrent.ThreadPoolExecutor.runWorker(ThreadPoolExecutor.java:1128)
	at java.base/java.util.concurrent.ThreadPoolExecutor$Worker.run(ThreadPoolExecutor.java:628)
	at java.base/java.lang.Thread.run(Thread.java:829)
Caused by: java.net.UnknownHostException: gitcdn.link
	at java.base/java.net.AbstractPlainSocketImpl.connect(AbstractPlainSocketImpl.java:229)
	at java.base/java.net.SocksSocketImpl.connect(SocksSocketImpl.java:392)
	at java.base/java.net.Socket.connect(Socket.java:609)
	at java.base/sun.security.ssl.SSLSocketImpl.connect(SSLSocketImpl.java:305)
	at java.base/sun.net.NetworkClient.doConnect(NetworkClient.java:177)
	at java.base/sun.net.www.http.HttpClient.openServer(HttpClient.java:509)
	at java.base/sun.net.www.http.HttpClient.openServer(HttpClient.java:604)
	at java.base/sun.net.www.protocol.https.HttpsClient.<init>(HttpsClient.java:266)
	at java.base/sun.net.www.protocol.https.HttpsClient.New(HttpsClient.java:373)
	at java.base/sun.net.www.protocol.https.AbstractDelegateHttpsURLConnection.getNewHttpClient(AbstractDelegateHttpsURLConnection.java:207)
	at java.base/sun.net.www.protocol.http.HttpURLConnection.plainConnect0(HttpURLConnection.java:1202)
	at java.base/sun.net.www.protocol.http.HttpURLConnection.plainConnect(HttpURLConnection.java:1096)
	at java.base/sun.net.www.protocol.https.AbstractDelegateHttpsURLConnection.connect(AbstractDelegateHttpsURLConnection.java:193)
	at java.base/sun.net.www.protocol.https.HttpsURLConnectionImpl.connect(HttpsURLConnectionImpl.java:168)
	at cn.hutool.http.HttpConnection.connect(HttpConnection.java:375)
	at cn.hutool.http.HttpRequest.send(HttpRequest.java:1253)
	... 8 more

2025-04-16 08:46:35.062  INFO 2066 --- [pool-1-thread-3] o.f.adg.rule.thread.AbstractRuleThread   : 规则<https://gitcdn.link/cdn/uBlockOrigin/uAssetsCDN/main/filters/unbreak.txt> 耗时 => 9410 ms 无效数 => 0
2025-04-16 08:46:35.062  INFO 2066 --- [pool-1-thread-2] o.f.adg.rule.thread.AbstractRuleThread   : 规则<https://gitcdn.link/cdn/uBlockOrigin/uAssetsCDN/main/filters/privacy.txt> 耗时 => 10018 ms 无效数 => 0
2025-04-16 08:46:35.707  INFO 2066 --- [main] org.fordes.adg.rule.AdgRuleApplication   : Done! 20142 ms
